<?xml version="1.0" encoding="UTF-8"?>
<testsuite xmlns:xsi="http://www.w3.org/2001/XMLSchema-instance" xsi:noNamespaceSchemaLocation="https://maven.apache.org/surefire/maven-surefire-plugin/xsd/surefire-test-report-3.0.xsd" version="3.0" name="com.mycompany.session2b.EmpleadoTest" time="0.067" tests="12" errors="0" skipped="0" failures="0">
  <properties>
    <property name="java.specification.version" value="24"/>
    <property name="sun.cpu.isalist" value="amd64"/>
    <property name="sun.jnu.encoding" value="Cp1252"/>
    <property name="java.class.path" value="C:\Users\Leonardo Chavez\Documents\NetBeansProjects\Session2b\target\test-classes;C:\Users\Leonardo Chavez\Documents\NetBeansProjects\Session2b\target\classes;C:\Users\Leonardo Chavez\.m2\repository\org\junit\jupiter\junit-jupiter-api\5.13.0-M3\junit-jupiter-api-5.13.0-M3.jar;C:\Users\Leonardo Chavez\.m2\repository\org\opentest4j\opentest4j\1.3.0\opentest4j-1.3.0.jar;C:\Users\Leonardo Chavez\.m2\repository\org\junit\platform\junit-platform-commons\1.13.0-M3\junit-platform-commons-1.13.0-M3.jar;C:\Users\Leonardo Chavez\.m2\repository\org\apiguardian\apiguardian-api\1.1.2\apiguardian-api-1.1.2.jar;"/>
    <property name="java.vm.vendor" value="Azul Systems, Inc."/>
    <property name="sun.arch.data.model" value="64"/>
    <property name="user.variant" value=""/>
    <property name="java.vendor.url" value="http://www.azul.com/"/>
    <property name="user.timezone" value="Europe/Madrid"/>
    <property name="os.name" value="Windows 11"/>
    <property name="java.vm.specification.version" value="24"/>
    <property name="user.country" value="ES"/>
    <property name="sun.java.launcher" value="SUN_STANDARD"/>
    <property name="sun.boot.library.path" value="C:\Program Files\Apache NetBeans\jdk\bin"/>
    <property name="sun.java.command" value="C:\Users\Leonardo Chavez\AppData\Local\Temp\surefire16612276824461948120\surefirebooter-20251006023310021_3.jar C:\Users\Leonardo Chavez\AppData\Local\Temp\surefire16612276824461948120 2025-10-06T02-33-09_715-jvmRun1 surefire-20251006023310021_1tmp surefire_0-20251006023310021_2tmp"/>
    <property name="jdk.debug" value="release"/>
    <property name="test" value="com.mycompany.session2b.**.*Test"/>
    <property name="surefire.test.class.path" value="C:\Users\Leonardo Chavez\Documents\NetBeansProjects\Session2b\target\test-classes;C:\Users\Leonardo Chavez\Documents\NetBeansProjects\Session2b\target\classes;C:\Users\Leonardo Chavez\.m2\repository\org\junit\jupiter\junit-jupiter-api\5.13.0-M3\junit-jupiter-api-5.13.0-M3.jar;C:\Users\Leonardo Chavez\.m2\repository\org\opentest4j\opentest4j\1.3.0\opentest4j-1.3.0.jar;C:\Users\Leonardo Chavez\.m2\repository\org\junit\platform\junit-platform-commons\1.13.0-M3\junit-platform-commons-1.13.0-M3.jar;C:\Users\Leonardo Chavez\.m2\repository\org\apiguardian\apiguardian-api\1.1.2\apiguardian-api-1.1.2.jar;"/>
    <property name="sun.cpu.endian" value="little"/>
    <property name="user.home" value="C:\Users\Leonardo Chavez"/>
    <property name="user.language" value="es"/>
    <property name="java.specification.vendor" value="Oracle Corporation"/>
    <property name="java.version.date" value="2025-07-15"/>
    <property name="java.home" value="C:\Program Files\Apache NetBeans\jdk"/>
    <property name="file.separator" value="\"/>
    <property name="basedir" value="C:\Users\Leonardo Chavez\Documents\NetBeansProjects\Session2b"/>
    <property name="java.vm.compressedOopsMode" value="Zero based"/>
    <property name="line.separator" value="&#10;"/>
    <property name="java.vm.specification.vendor" value="Oracle Corporation"/>
    <property name="java.specification.name" value="Java Platform API Specification"/>
    <property name="surefire.real.class.path" value="C:\Users\Leonardo Chavez\AppData\Local\Temp\surefire16612276824461948120\surefirebooter-20251006023310021_3.jar"/>
    <property name="user.script" value=""/>
    <property name="sun.management.compiler" value="HotSpot 64-Bit Tiered Compilers"/>
    <property name="java.runtime.version" value="24.0.2+12"/>
    <property name="user.name" value="Leonardo Chavez"/>
    <property name="stdout.encoding" value="Cp1252"/>
    <property name="path.separator" value=";"/>
    <property name="os.version" value="10.0"/>
    <property name="java.runtime.name" value="OpenJDK Runtime Environment"/>
    <property name="file.encoding" value="UTF-8"/>
    <property name="java.vm.name" value="OpenJDK 64-Bit Server VM"/>
    <property name="java.vendor.version" value="Zulu24.32+13-CA"/>
    <property name="maven.ext.class.path" value="C:\Program Files\Apache NetBeans\java\maven-nblib\netbeans-eventspy.jar"/>
    <property name="localRepository" value="C:\Users\Leonardo Chavez\.m2\repository"/>
    <property name="java.vendor.url.bug" value="http://www.azul.com/support/"/>
    <property name="java.io.tmpdir" value="C:\Users\LEONAR~1\AppData\Local\Temp\"/>
    <property name="java.version" value="24.0.2"/>
    <property name="user.dir" value="C:\Users\Leonardo Chavez\Documents\NetBeansProjects\Session2b"/>
    <property name="os.arch" value="amd64"/>
    <property name="java.vm.specification.name" value="Java Virtual Machine Specification"/>
    <property name="sun.os.patch.level" value=""/>
    <property name="native.encoding" value="Cp1252"/>
    <property name="java.library.path" value="C:\Program Files\Apache NetBeans\jdk\bin;C:\WINDOWS\Sun\Java\bin;C:\WINDOWS\system32;C:\WINDOWS;C:\Program Files\Common Files\Oracle\Java\javapath;C:\WINDOWS\system32;C:\WINDOWS;C:\WINDOWS\System32\Wbem;C:\WINDOWS\System32\WindowsPowerShell\v1.0\;C:\WINDOWS\System32\OpenSSH\;C:\Program Files (x86)\NVIDIA Corporation\PhysX\Common;C:\Program Files\NVIDIA Corporation\NVIDIA App\NvDLISR;C:\Program Files\dotnet\;C:\Program Files (x86)\Windows Kits\10\Windows Performance Toolkit\;C:\Program Files\nodejs\;C:\Program Files\Git\cmd;C:\Users\Leonardo Chavez\AppData\Local\Programs\Python\Python313\Scripts\;C:\Users\Leonardo Chavez\AppData\Local\Programs\Python\Python313\;C:\Users\Leonardo Chavez\AppData\Local\Microsoft\WindowsApps;C:\Users\Leonardo Chavez\.dotnet\tools;C:\Users\Leonardo Chavez\AppData\Local\Programs\Microsoft VS Code\bin;C:\Users\Leonardo Chavez\AppData\Roaming\npm;C:\Users\Leonardo Chavez\AppData\Local\GitHubDesktop\bin;."/>
    <property name="java.vm.info" value="mixed mode, sharing"/>
    <property name="stderr.encoding" value="Cp1252"/>
    <property name="java.vendor" value="Azul Systems, Inc."/>
    <property name="java.vm.version" value="24.0.2+12"/>
    <property name="sun.io.unicode.encoding" value="UnicodeLittle"/>
    <property name="java.class.version" value="68.0"/>
  </properties>
  <testcase name="bruta_vendedor_1499_prima100" classname="com.mycompany.session2b.EmpleadoTest" time="0.03"/>
  <testcase name="bruta_vendedor_1000_prima100" classname="com.mycompany.session2b.EmpleadoTest" time="0.001"/>
  <testcase name="bruta_vendedor_1500_prima200" classname="com.mycompany.session2b.EmpleadoTest" time="0.0"/>
  <testcase name="bruta_encargado_999_sin_prima" classname="com.mycompany.session2b.EmpleadoTest" time="0.003"/>
  <testcase name="neta_2099_sin_retencion" classname="com.mycompany.session2b.EmpleadoTest" time="0.001"/>
  <testcase name="neta_2500_retencion_18" classname="com.mycompany.session2b.EmpleadoTest" time="0.0"/>
  <testcase name="bruta_encargado_1499_prima100_y_1horaExtra" classname="com.mycompany.session2b.EmpleadoTest" time="0.0"/>
  <testcase name="bruta_encargado_1000_prima100" classname="com.mycompany.session2b.EmpleadoTest" time="0.001"/>
  <testcase name="neta_2499_retencion_15" classname="com.mycompany.session2b.EmpleadoTest" time="0.001"/>
  <testcase name="bruta_vendedor_999_sin_prima" classname="com.mycompany.session2b.EmpleadoTest" time="0.001"/>
  <testcase name="bruta_encargado_1500_prima200" classname="com.mycompany.session2b.EmpleadoTest" time="0.001"/>
  <testcase name="neta_2100_retencion_15" classname="com.mycompany.session2b.EmpleadoTest" time="0.0"/>
</testsuite>